#
# There is insufficient memory for the Java Runtime Environment to continue.
# Native memory allocation (mmap) failed to map 117440512 bytes for Failed to commit area from 0x0000000091800000 to 0x0000000098800000 of length 117440512.
# Possible reasons:
#   The system is out of physical RAM or swap space
#   The process is running with CompressedOops enabled, and the Java Heap may be blocking the growth of the native heap
# Possible solutions:
#   Reduce memory load on the system
#   Increase physical memory or swap space
#   Check if swap backing store is full
#   Decrease Java heap size (-Xmx/-Xms)
#   Decrease number of Java threads
#   Decrease Java thread stack sizes (-Xss)
#   Set larger code cache with -XX:ReservedCodeCacheSize=
# This output file may be truncated or incomplete.
#
#  Out of Memory Error (./src/hotspot/os/windows/os_windows.cpp:3301), pid=10848, tid=2824
#
# JRE version:  (11.0.11+9) (build )
# Java VM: OpenJDK 64-Bit Server VM (11.0.11+9-b60-7590822, mixed mode, sharing, tiered, compressed oops, g1 gc, windows-amd64)
# No core dump will be written. Minidumps are not enabled by default on client versions of Windows
#

---------------  S U M M A R Y ------------

Command Line: org.jetbrains.kotlin.cli.jvm.K2JVMCompiler @D:\AndroidDev\Game-Catalogue\app\build\20220504_15530086247811232693.compiler.options

Host: AMD Ryzen 5 2500U with Radeon Vega Mobile Gfx  , 8 cores, 6G,  Windows 10 , 64 bit Build 19041 (10.0.19041.1645)
Time: Wed May  4 04:37:38 2022 Центральная Азия (зима) elapsed time: 0.018476 seconds (0d 0h 0m 0s)

---------------  T H R E A D  ---------------

Current thread (0x0000016f4039a800):  JavaThread "Unknown thread" [_thread_in_vm, id=2824, stack(0x0000002099000000,0x0000002099100000)]

Stack: [0x0000002099000000,0x0000002099100000]
Native frames: (J=compiled Java code, j=interpreted, Vv=VM code, C=native code)
V  [jvm.dll+0x5f214a]
V  [jvm.dll+0x726fb5]
V  [jvm.dll+0x7285cd]
V  [jvm.dll+0x728c83]
V  [jvm.dll+0x243278]
V  [jvm.dll+0x5ef544]
V  [jvm.dll+0x5e4495]
V  [jvm.dll+0x2fec5b]
V  [jvm.dll+0x2febca]
V  [jvm.dll+0x2feaa2]
V  [jvm.dll+0x303986]
V  [jvm.dll+0x34c3a3]
V  [jvm.dll+0x34caa6]
V  [jvm.dll+0x34c4a3]
V  [jvm.dll+0x2d9688]
V  [jvm.dll+0x2da837]
V  [jvm.dll+0x705ba7]
V  [jvm.dll+0x70739c]
V  [jvm.dll+0x3598f9]
V  [jvm.dll+0x6e931e]
V  [jvm.dll+0x3c1c43]
V  [jvm.dll+0x3c3e81]
C  [jli.dll+0x5373]
C  [ucrtbase.dll+0x21bb2]
C  [KERNEL32.DLL+0x17034]
C  [ntdll.dll+0x52651]


---------------  P R O C E S S  ---------------

Threads class SMR info:
_java_thread_list=0x0000016f401f2320, length=0, elements={
}

Java Threads: ( => current thread )

Other Threads:
  0x0000016f403b2800 GCTaskThread "GC Thread#0" [stack: 0x0000002099100000,0x0000002099200000] [id=7000]
  0x0000016f403dd000 ConcurrentGCThread "G1 Main Marker" [stack: 0x0000002099200000,0x0000002099300000] [id=3124]
  0x0000016f403de800 ConcurrentGCThread "G1 Conc#0" [stack: 0x0000002099300000,0x0000002099400000] [id=4912]

[error occurred during error reporting (printing all threads), id 0xc0000005, EXCEPTION_ACCESS_VIOLATION (0xc0000005) at pc=0x00007ff8cba09c47]

VM state:not at safepoint (not fully initialized)

VM Mutex/Monitor currently owned by a thread:  ([mutex/lock_event])
[0x0000016f40398270] Heap_lock - owner thread: 0x0000016f4039a800

Heap address: 0x0000000091800000, size: 1768 MB, Compressed Oops mode: Non-zero based: 0x0000000091800000
Narrow klass base: 0x0000000000000000, Narrow klass shift: 0

GC Heap History (0 events):
No events

Deoptimization events (0 events):
No events

Classes redefined (0 events):
No events

Internal exceptions (0 events):
No events

Events (1 events):
Event: 0.012 Loaded shared library C:\Program Files\Android\jre\bin\zip.dll


Dynamic libraries:
0x00007ff7c48d0000 - 0x00007ff7c48da000 	C:\Program Files\Android\jre\bin\java.exe
0x00007ff902470000 - 0x00007ff902665000 	C:\Windows\SYSTEM32\ntdll.dll
0x00007ff901840000 - 0x00007ff9018fe000 	C:\Windows\System32\KERNEL32.DLL
0x00007ff900030000 - 0x00007ff9002f8000 	C:\Windows\System32\KERNELBASE.dll
0x00007ff8ffd20000 - 0x00007ff8ffe20000 	C:\Windows\System32\ucrtbase.dll
0x00007ff8fb6f0000 - 0x00007ff8fb707000 	C:\Program Files\Android\jre\bin\VCRUNTIME140.dll
0x00007ff8fb6d0000 - 0x00007ff8fb6e9000 	C:\Program Files\Android\jre\bin\jli.dll
0x00007ff9019e0000 - 0x00007ff901b80000 	C:\Windows\System32\USER32.dll
0x00007ff8e5eb0000 - 0x00007ff8e614a000 	C:\Windows\WinSxS\amd64_microsoft.windows.common-controls_6595b64144ccf1df_6.0.19041.1110_none_60b5254171f9507e\COMCTL32.dll
0x00007ff900400000 - 0x00007ff900422000 	C:\Windows\System32\win32u.dll
0x00007ff900f50000 - 0x00007ff900fee000 	C:\Windows\System32\msvcrt.dll
0x00007ff901700000 - 0x00007ff90172a000 	C:\Windows\System32\GDI32.dll
0x00007ff8ffb90000 - 0x00007ff8ffc9b000 	C:\Windows\System32\gdi32full.dll
0x00007ff900430000 - 0x00007ff9004cd000 	C:\Windows\System32\msvcp_win.dll
0x00007ff900680000 - 0x00007ff9006b0000 	C:\Windows\System32\IMM32.DLL
0x00007ff8fa330000 - 0x00007ff8fa3cd000 	C:\Program Files\Android\jre\bin\msvcp140.dll
0x00007ff8cb720000 - 0x00007ff8cc1f5000 	C:\Program Files\Android\jre\bin\server\jvm.dll
0x00007ff901c90000 - 0x00007ff901d3e000 	C:\Windows\System32\ADVAPI32.dll
0x00007ff901b80000 - 0x00007ff901c1c000 	C:\Windows\System32\sechost.dll
0x00007ff9006b0000 - 0x00007ff9007d5000 	C:\Windows\System32\RPCRT4.dll
0x00007ff901fe0000 - 0x00007ff901fe8000 	C:\Windows\System32\PSAPI.DLL
0x00007ff8e8dc0000 - 0x00007ff8e8dc9000 	C:\Windows\SYSTEM32\WSOCK32.dll
0x00007ff8f4980000 - 0x00007ff8f49a7000 	C:\Windows\SYSTEM32\WINMM.dll
0x00007ff9015e0000 - 0x00007ff90164b000 	C:\Windows\System32\WS2_32.dll
0x00007ff8f59b0000 - 0x00007ff8f59ba000 	C:\Windows\SYSTEM32\VERSION.dll
0x00007ff8fdab0000 - 0x00007ff8fdac2000 	C:\Windows\SYSTEM32\kernel.appcore.dll
0x00007ff8e5dd0000 - 0x00007ff8e5de1000 	C:\Program Files\Android\jre\bin\verify.dll
0x00007ff8f7360000 - 0x00007ff8f7544000 	C:\Windows\SYSTEM32\DBGHELP.DLL
0x00007ff8eb310000 - 0x00007ff8eb33c000 	C:\Windows\SYSTEM32\dbgcore.DLL
0x00007ff900300000 - 0x00007ff900382000 	C:\Windows\System32\bcryptPrimitives.dll
0x00007ff8e3680000 - 0x00007ff8e36a9000 	C:\Program Files\Android\jre\bin\java.dll
0x00007ff8e5cb0000 - 0x00007ff8e5cbb000 	C:\Program Files\Android\jre\bin\jimage.dll
0x00007ff8e5340000 - 0x00007ff8e5358000 	C:\Program Files\Android\jre\bin\zip.dll

dbghelp: loaded successfully - version: 4.0.5 - missing functions: none
symbol engine: initialized successfully - sym options: 0x614 - pdb path: .;C:\Program Files\Android\jre\bin;C:\Windows\SYSTEM32;C:\Windows\WinSxS\amd64_microsoft.windows.common-controls_6595b64144ccf1df_6.0.19041.1110_none_60b5254171f9507e;C:\Program Files\Android\jre\bin\server

VM Arguments:
java_command: org.jetbrains.kotlin.cli.jvm.K2JVMCompiler @D:\AndroidDev\Game-Catalogue\app\build\20220504_15530086247811232693.compiler.options
java_class_path (initial): C:\Users\Бауыржан\.gradle\caches\modules-2\files-2.1\org.jetbrains.kotlin\kotlin-compiler-embeddable\1.6.21\97bdd5a752ce73b58ef16c17bc7f0ea2faff7a2e\kotlin-compiler-embeddable-1.6.21.jar;C:\Users\Бауыржан\.gradle\caches\modules-2\files-2.1\org.jetbrains.kotlin\kotlin-reflect\1.6.21\5dc3574d9b7bebfcb4ec6b10ada4aaa9e140bd0b\kotlin-reflect-1.6.21.jar;C:\Users\Бауыржан\.gradle\caches\modules-2\files-2.1\org.jetbrains.kotlin\kotlin-stdlib\1.6.21\11ef67f1900634fd951bad28c53ec957fabbe5b8\kotlin-stdlib-1.6.21.jar;C:\Users\Бауыржан\.gradle\caches\modules-2\files-2.1\org.jetbrains.kotlin\kotlin-script-runtime\1.6.21\99c6675100da5d6d5b1c5a1032f27f28008d101b\kotlin-script-runtime-1.6.21.jar;C:\Users\Бауыржан\.gradle\caches\modules-2\files-2.1\org.jetbrains.kotlin\kotlin-daemon-embeddable\1.6.21\46b78cf392e1c4f10854c3cadba44abb7b82250f\kotlin-daemon-embeddable-1.6.21.jar;C:\Users\Бауыржан\.gradle\caches\modules-2\files-2.1\org.jetbrains.intellij.deps\trove4j\1.0.20200330\3afb14d5f9ceb459d724e907a21145e8ff394f02\trove4j-1.0.20200330.jar;C:\Users\Бауыржан\.gradle\caches\modules-2\files-2.1\net.java.dev.jna\jna\5.6.0\330f2244e9030119ab3030fc3fededc86713d9cc\jna-5.6.0.jar;C:\Users\Бауыржан\.gradle\caches\modules-2\files-2.1\org.jetbrains.kotlin\kotlin-stdlib-common\1.6.21\5e5b55c26dbc80372a920aef60eb774b714559b8\kotlin-stdlib-common-1.6.21.jar;C:\Users\Бауыржан\.gradle\caches\modules-2\files-2.1\org.jetbrains\annotations\13.0\919f0dfe192fb4e063e7dacadee7f8bb9a2672a9\annotations-13.0.jar
Launcher Type: SUN_STANDARD

[Global flags]
     intx CICompilerCount                          = 4                                         {product} {ergonomic}
     uint ConcGCThreads                            = 2                                         {product} {ergonomic}
     uint G1ConcRefinementThreads                  = 8                                         {product} {ergonomic}
   size_t G1HeapRegionSize                         = 1048576                                   {product} {ergonomic}
    uintx GCDrainStackTargetSize                   = 64                                        {product} {ergonomic}
   size_t InitialHeapSize                          = 117440512                                 {product} {ergonomic}
   size_t MarkStackSize                            = 4194304                                   {product} {ergonomic}
   size_t MaxHeapSize                              = 1853882368                                {product} {ergonomic}
   size_t MinHeapDeltaBytes                        = 1048576                                   {product} {ergonomic}
    uintx NonNMethodCodeHeapSize                   = 5836300                                {pd product} {ergonomic}
    uintx NonProfiledCodeHeapSize                  = 122910970                              {pd product} {ergonomic}
    uintx ProfiledCodeHeapSize                     = 122910970                              {pd product} {ergonomic}
    uintx ReservedCodeCacheSize                    = 251658240                              {pd product} {ergonomic}
     bool SegmentedCodeCache                       = true                                      {product} {ergonomic}
     bool UseCompressedClassPointers               = true                                 {lp64_product} {ergonomic}
     bool UseCompressedOops                        = true                                 {lp64_product} {ergonomic}
     bool UseG1GC                                  = true                                      {product} {ergonomic}
     bool UseLargePagesIndividualAllocation        = false                                  {pd product} {ergonomic}

Logging:
Log output configuration:
 #0: stdout all=warning uptime,level,tags
 #1: stderr all=off uptime,level,tags

Environment Variables:
PATH=C:\Program Files (x86)\Common Files\Oracle\Java\javapath;C:\ProgramData\Oracle\Java\javapath;C:\Windows\system32;C:\Windows;C:\Windows\System32\Wbem;C:\Windows\System32\WindowsPowerShell\v1.0\;C:\Windows\System32\OpenSSH\;C:\MinGW\bin;C:\Program Files (x86)\AMD\ATI.ACE\Core-Static;C:\Program Files\Git\cmd;C:\Program Files\nodejs\;C:\Users\Бауыржан\AppData\Local\Programs\Python\Python310\Scripts\;C:\Users\Бауыржан\AppData\Local\Programs\Python\Python310\;C:\Users\Бауыржан\AppData\Local\Microsoft\WindowsApps;;C:\Users\Бауыржан\AppData\Local\Programs\Microsoft VS Code\bin;C:\Program Files\JetBrains\PyCharm 2021.3.1\bin;;C:\Users\Бауыржан\AppData\Roaming\npm;C:\Program Files\JetBrains\DataGrip 2022.1\bin;
USERNAME=Bauyrzhan
OS=Windows_NT
PROCESSOR_IDENTIFIER=AMD64 Family 23 Model 17 Stepping 0, AuthenticAMD



---------------  S Y S T E M  ---------------

OS: Windows 10 , 64 bit Build 19041 (10.0.19041.1645)
OS uptime: 0 days 1:37 hours

CPU:total 8 (initial active 8) (8 cores per cpu, 2 threads per core) family 23 model 17 stepping 0 microcode 0x0, cmov, cx8, fxsr, mmx, sse, sse2, sse3, ssse3, sse4.1, sse4.2, popcnt, avx, avx2, aes, clmul, mmxext, 3dnowpref, lzcnt, sse4a, ht, tsc, tscinvbit, tscinv, bmi1, bmi2, adx, s

Memory: 4k page, system-wide physical 7068M (1217M free)
TotalPageFile size 15260M (AvailPageFile size 114M)
current process WorkingSet (physical memory assigned to process): 9M, peak: 9M
current process commit charge ("private bytes"): 60M, peak: 171M

vm_info: OpenJDK 64-Bit Server VM (11.0.11+9-b60-7590822) for windows-amd64 JRE (11.0.11+9-b60-7590822), built on Jul 29 2021 21:43:44 by "builder" with MS VC++ 14.0 (VS2015)

END.
